TN:
SF:dist/models/users.model.js
FN:1,Object.<anonymous>.__awaiter
FN:2,adopt
FN:4,fulfilled
FN:5,rejected
FN:6,step
FN:12,getAllUsers
FN:23,createUser
FN:42,getUser
FN:57,updateWatchlist
FNF:9
FNH:9
FNDA:6,Object.<anonymous>.__awaiter
FNDA:6,adopt
FNDA:5,fulfilled
FNDA:1,rejected
FNDA:11,step
FNDA:1,getAllUsers
FNDA:3,createUser
FNDA:1,getUser
FNDA:1,updateWatchlist
DA:1,1
DA:2,6
DA:3,6
DA:4,6
DA:5,6
DA:6,6
DA:7,6
DA:8,6
DA:9,6
DA:10,1
DA:11,1
DA:12,1
DA:13,1
DA:14,1
DA:15,1
DA:16,1
DA:17,1
DA:18,1
DA:19,0
DA:20,0
DA:21,1
DA:22,1
DA:23,3
DA:24,3
DA:25,3
DA:26,3
DA:27,3
DA:28,3
DA:29,3
DA:30,3
DA:31,3
DA:32,3
DA:33,3
DA:34,3
DA:35,3
DA:36,3
DA:37,3
DA:38,1
DA:39,1
DA:40,3
DA:41,3
DA:42,1
DA:43,1
DA:44,1
DA:45,1
DA:46,1
DA:47,1
DA:48,1
DA:49,1
DA:50,1
DA:51,1
DA:52,1
DA:53,0
DA:54,0
DA:55,1
DA:56,1
DA:57,1
DA:58,1
DA:59,1
DA:60,1
DA:61,1
DA:62,1
DA:63,1
DA:64,1
DA:65,1
DA:66,1
DA:67,0
DA:68,0
DA:69,1
DA:70,1
DA:71,1
LF:71
LH:65
BRDA:1,0,0,0
BRDA:1,1,0,6
BRDA:2,2,0,6
BRDA:2,3,0,0
BRDA:2,4,0,6
BRDA:3,5,0,6
BRDA:4,6,0,5
BRDA:4,7,0,0
BRDA:5,8,0,1
BRDA:6,9,0,11
BRDA:6,10,0,5
BRDA:6,11,0,6
BRDA:12,12,0,1
BRDA:13,13,0,1
BRDA:18,14,0,0
BRDA:23,15,0,3
BRDA:24,16,0,3
BRDA:37,17,0,1
BRDA:42,18,0,1
BRDA:43,19,0,1
BRDA:52,20,0,0
BRDA:57,21,0,1
BRDA:58,22,0,1
BRDA:66,23,0,0
BRF:24
BRH:18
end_of_record
TN:
SF:dist/testing/context.js
FN:5,createMockContext
FNF:1
FNH:1
FNDA:7,createMockContext
DA:1,1
DA:2,1
DA:3,1
DA:4,1
DA:5,1
DA:6,7
DA:7,7
DA:8,7
DA:9,7
DA:10,1
LF:10
LH:10
BRDA:5,0,0,7
BRF:1
BRH:1
end_of_record
TN:
SF:dist/testing/mocks.js
FNF:0
FNH:0
DA:1,1
DA:2,1
DA:3,1
DA:4,1
DA:5,1
DA:6,1
DA:7,1
DA:8,1
DA:9,1
DA:10,1
DA:11,1
DA:12,1
DA:13,1
DA:14,1
DA:15,1
DA:16,1
DA:17,1
DA:18,1
DA:19,1
DA:20,1
DA:21,1
DA:22,1
DA:23,1
DA:24,1
DA:25,1
DA:26,1
DA:27,1
DA:28,1
DA:29,1
LF:29
LH:29
BRF:0
BRH:0
end_of_record
TN:
SF:src/models/battles.model.js
FN:4,createBattle
FN:27,getMyBattles
FN:48,updateBattle
FNF:3
FNH:1
FNDA:1,createBattle
FNDA:0,getMyBattles
FNDA:0,updateBattle
DA:1,1
DA:2,1
DA:3,1
DA:4,1
DA:5,1
DA:6,1
DA:7,1
DA:8,1
DA:9,1
DA:10,1
DA:11,1
DA:12,1
DA:13,1
DA:14,1
DA:15,1
DA:16,1
DA:17,1
DA:18,1
DA:19,1
DA:20,1
DA:21,1
DA:22,1
DA:23,0
DA:24,0
DA:25,1
DA:26,1
DA:27,0
DA:28,0
DA:29,0
DA:30,0
DA:31,0
DA:32,0
DA:33,0
DA:34,0
DA:35,0
DA:36,0
DA:37,0
DA:38,0
DA:39,0
DA:40,0
DA:41,0
DA:42,0
DA:43,0
DA:44,0
DA:45,0
DA:46,0
DA:47,1
DA:48,0
DA:49,0
DA:50,0
DA:51,0
DA:52,0
DA:53,0
DA:54,0
DA:55,0
DA:56,0
DA:57,0
DA:58,0
DA:59,1
DA:60,1
LF:60
LH:27
BRDA:4,0,0,1
BRDA:22,1,0,0
BRF:2
BRH:1
end_of_record
TN:
SF:src/models/users.model.js
FN:5,getAllUsers
FN:14,createUser
FN:31,getUser
FN:44,updateWatchlist
FNF:4
FNH:4
FNDA:1,getAllUsers
FNDA:5,createUser
FNDA:2,getUser
FNDA:1,updateWatchlist
DA:1,1
DA:2,1
DA:3,1
DA:4,1
DA:5,1
DA:6,1
DA:7,1
DA:8,1
DA:9,1
DA:10,0
DA:11,0
DA:12,1
DA:13,1
DA:14,5
DA:15,5
DA:16,5
DA:17,5
DA:18,5
DA:19,5
DA:20,5
DA:21,5
DA:22,5
DA:23,5
DA:24,5
DA:25,5
DA:26,5
DA:27,1
DA:28,1
DA:29,5
DA:30,1
DA:31,2
DA:32,2
DA:33,2
DA:34,2
DA:35,2
DA:36,2
DA:37,2
DA:38,2
DA:39,2
DA:40,0
DA:41,0
DA:42,2
DA:43,1
DA:44,1
DA:45,1
DA:46,1
DA:47,1
DA:48,1
DA:49,1
DA:50,1
DA:51,1
DA:52,0
DA:53,0
DA:54,1
DA:55,1
DA:56,1
LF:56
LH:50
BRDA:5,0,0,1
BRDA:9,1,0,0
BRDA:14,2,0,5
BRDA:26,3,0,1
BRDA:31,4,0,2
BRDA:39,5,0,0
BRDA:44,6,0,1
BRDA:51,7,0,0
BRF:8
BRH:5
end_of_record
TN:
SF:src/testing/cleanDb.ts
FN:5,cleanDB
FNF:1
FNH:1
FNDA:2,cleanDB
DA:1,1
DA:2,1
DA:3,1
DA:4,1
DA:5,1
DA:6,2
DA:7,2
DA:8,2
DA:9,2
LF:9
LH:9
BRDA:5,0,0,2
BRF:1
BRH:1
end_of_record
TN:
SF:src/testing/client.ts
FNF:0
FNH:0
DA:1,1
DA:2,1
DA:3,1
DA:4,1
LF:4
LH:4
BRF:0
BRH:0
end_of_record
TN:
SF:src/testing/mocks.ts
FNF:0
FNH:0
DA:1,1
DA:2,1
DA:3,1
DA:4,1
DA:5,1
DA:6,1
DA:7,1
DA:8,1
DA:9,1
DA:10,1
DA:11,1
DA:12,1
DA:13,1
DA:14,1
DA:15,1
DA:16,1
DA:17,1
DA:18,1
DA:19,1
DA:20,1
DA:21,1
DA:22,1
DA:23,1
DA:24,1
DA:25,1
DA:26,1
DA:27,1
DA:28,1
DA:29,1
DA:30,1
DA:31,1
DA:32,1
DA:33,1
DA:34,1
DA:35,1
DA:36,1
DA:37,1
DA:38,1
DA:39,1
DA:40,1
DA:41,1
DA:42,1
DA:43,1
DA:44,1
DA:45,1
DA:46,1
DA:47,1
DA:48,1
DA:49,1
DA:50,1
DA:51,1
DA:52,1
DA:53,1
DA:54,1
DA:55,1
DA:56,1
DA:57,1
DA:58,1
DA:59,1
DA:60,1
DA:61,1
DA:62,1
DA:63,1
DA:64,1
DA:65,1
DA:66,1
DA:67,1
DA:68,1
DA:69,1
LF:69
LH:69
BRF:0
BRH:0
end_of_record
