TN:
SF:models/users.model.js
FN:5,getAllUsers
FN:14,createUser
FN:31,getUser
FN:44,updateWatchlist
FNF:4
FNH:4
FNDA:1,getAllUsers
FNDA:3,createUser
FNDA:1,getUser
FNDA:1,updateWatchlist
DA:1,1
DA:2,1
DA:3,1
DA:4,1
DA:5,1
DA:6,1
DA:7,1
DA:8,1
DA:9,1
DA:10,0
DA:11,0
DA:12,1
DA:13,1
DA:14,3
DA:15,3
DA:16,3
DA:17,3
DA:18,3
DA:19,3
DA:20,3
DA:21,3
DA:22,3
DA:23,3
DA:24,3
DA:25,3
DA:26,3
DA:27,1
DA:28,1
DA:29,3
DA:30,1
DA:31,1
DA:32,1
DA:33,1
DA:34,1
DA:35,1
DA:36,1
DA:37,1
DA:38,1
DA:39,1
DA:40,0
DA:41,0
DA:42,1
DA:43,1
DA:44,1
DA:45,1
DA:46,1
DA:47,1
DA:48,1
DA:49,1
DA:50,1
DA:51,1
DA:52,0
DA:53,0
DA:54,1
DA:55,1
DA:56,1
LF:56
LH:50
BRDA:5,0,0,1
BRDA:9,1,0,0
BRDA:14,2,0,3
BRDA:26,3,0,1
BRDA:31,4,0,1
BRDA:39,5,0,0
BRDA:44,6,0,1
BRDA:51,7,0,0
BRF:8
BRH:5
end_of_record
TN:
SF:testing/context.ts
FN:13,createMockContext
FNF:1
FNH:1
FNDA:7,createMockContext
DA:1,1
DA:2,1
DA:3,1
DA:4,1
DA:5,1
DA:6,1
DA:7,1
DA:8,1
DA:9,1
DA:10,1
DA:11,1
DA:12,1
DA:13,1
DA:14,7
DA:15,7
DA:16,7
DA:17,7
LF:17
LH:17
BRDA:13,0,0,7
BRF:1
BRH:1
end_of_record
TN:
SF:testing/mocks.ts
FNF:0
FNH:0
DA:1,1
DA:2,1
DA:3,1
DA:4,1
DA:5,1
DA:6,1
DA:7,1
DA:8,1
DA:9,1
DA:10,1
DA:11,1
DA:12,1
DA:13,1
DA:14,1
DA:15,1
DA:16,1
DA:17,1
DA:18,1
DA:19,1
DA:20,1
DA:21,1
DA:22,1
DA:23,1
DA:24,1
DA:25,1
DA:26,1
DA:27,1
DA:28,1
DA:29,1
DA:30,1
DA:31,1
DA:32,1
DA:33,1
LF:33
LH:33
BRF:0
BRH:0
end_of_record
